\BOOKMARK [0][-]{chapter.1}{Week-1 Linux IoT Training}{}% 1
\BOOKMARK [1][-]{section.1.1}{Task - 1: Battery Calculation}{chapter.1}% 2
\BOOKMARK [1][-]{section.1.2}{Task - 2: IEEE-754 Floating Point Standard \(Refer: Number\137Systems\137Exercise.pdf -Question 4\)}{chapter.1}% 3
\BOOKMARK [1][-]{section.1.3}{Task - 3: CRC \046 Checksum}{chapter.1}% 4
\BOOKMARK [1][-]{section.1.4}{Task - 4: Vim Editor}{chapter.1}% 5
\BOOKMARK [1][-]{section.1.5}{Task - 5: Signal Generator \046 Oscilloscope}{chapter.1}% 6
\BOOKMARK [1][-]{section.1.6}{Task - 6: Special Characters}{chapter.1}% 7
\BOOKMARK [1][-]{section.1.7}{Task - 7: BASH HOW TO}{chapter.1}% 8
\BOOKMARK [0][-]{chapter.2}{Week - 2 Linux IoT Training}{}% 9
\BOOKMARK [1][-]{section.2.1}{Task - 1: Signals and Traps}{chapter.2}% 10
\BOOKMARK [1][-]{section.2.2}{Task - 2: Process Scheduling}{chapter.2}% 11
\BOOKMARK [1][-]{section.2.3}{Task - 3: IPC \(Pipes and FIFO's\)}{chapter.2}% 12
\BOOKMARK [1][-]{section.2.4}{Task - 4: Job Control Commands}{chapter.2}% 13
\BOOKMARK [1][-]{section.2.5}{Task - 5: Message Queues}{chapter.2}% 14
\BOOKMARK [1][-]{section.2.6}{Task - 6: Shared Memories}{chapter.2}% 15
\BOOKMARK [1][-]{section.2.7}{Task - 7: Process \046 Process Management}{chapter.2}% 16
\BOOKMARK [1][-]{section.2.8}{Task - 8: Fork and Exec}{chapter.2}% 17
\BOOKMARK [1][-]{section.2.9}{Task - 9: Semaphores}{chapter.2}% 18
\BOOKMARK [1][-]{section.2.10}{Task - 10: Case Study \(Mars Rover \)}{chapter.2}% 19
\BOOKMARK [1][-]{section.2.11}{Task - 11: Virtual Memory Management}{chapter.2}% 20
\BOOKMARK [1][-]{section.2.12}{Useful Resources:}{chapter.2}% 21
\BOOKMARK [0][-]{chapter.3}{Week - 3 Linux IoT Training}{}% 22
\BOOKMARK [1][-]{section.3.1}{Task - 1: SSH and SFTP}{chapter.3}% 23
\BOOKMARK [1][-]{section.3.2}{Task - 2: Kernel Virtual Machines \(KVM's\)}{chapter.3}% 24
\BOOKMARK [1][-]{section.3.3}{Task - 3: IP Addresses and Subnets}{chapter.3}% 25
\BOOKMARK [1][-]{section.3.4}{Task - 4: IP Addressing Case}{chapter.3}% 26
\BOOKMARK [1][-]{section.3.5}{Task - 5: Software Defined Network \(SDN\)}{chapter.3}% 27
\BOOKMARK [1][-]{section.3.6}{Task - 6: Bash Scripting of SDN Lab}{chapter.3}% 28
\BOOKMARK [0][-]{chapter.4}{Week - 4 Linux IoT Training}{}% 29
\BOOKMARK [1][-]{section.4.1}{Task - 1: SDN - Scripting}{chapter.4}% 30
\BOOKMARK [1][-]{section.4.2}{Task - 2: Figure Out the Problem}{chapter.4}% 31
\BOOKMARK [1][-]{section.4.3}{Task - 3: Fix It Now}{chapter.4}% 32
\BOOKMARK [1][-]{section.4.4}{Task - 4: Inter-subnet communication}{chapter.4}% 33
\BOOKMARK [1][-]{section.4.5}{Task - 5: Different possibilities for communication in sub-netted network}{chapter.4}% 34
\BOOKMARK [2][-]{subsection.4.5.1}{Case - I: Intra-Subnet}{section.4.5}% 35
\BOOKMARK [2][-]{subsection.4.5.2}{Case - II: Inter-Subnet But Different Switches}{section.4.5}% 36
\BOOKMARK [2][-]{subsection.4.5.3}{Case - III: Inter-Subnet But Single switch}{section.4.5}% 37
\BOOKMARK [2][-]{subsection.4.5.4}{Case - IV: Inter-Subnet But Single switch \(possible by hacker\)}{section.4.5}% 38
\BOOKMARK [1][-]{section.4.6}{Task - 6: Inter-Router Communication}{chapter.4}% 39
\BOOKMARK [0][-]{chapter.5}{Week - 5 Linux-IoT Training}{}% 40
\BOOKMARK [1][-]{section.5.1}{Task - 1: Physical Layer}{chapter.5}% 41
\BOOKMARK [1][-]{section.5.2}{Task - 2: Ethernet}{chapter.5}% 42
\BOOKMARK [1][-]{section.5.3}{Task - 3: Ethernet Frame Format \205 802.3 Standard}{chapter.5}% 43
\BOOKMARK [1][-]{section.5.4}{Task - 4: Link Layer}{chapter.5}% 44
\BOOKMARK [0][-]{chapter.6}{Week - 6 Linux IoT Training}{}% 45
\BOOKMARK [1][-]{section.6.1}{Task - 1: Basic Overview on TCP-IP Protocol Suite}{chapter.6}% 46
\BOOKMARK [1][-]{section.6.2}{Task - 2: NETWORK LAYER}{chapter.6}% 47
\BOOKMARK [2][-]{subsection.6.2.1}{IP Header \(Big Endian Ordering\)}{section.6.2}% 48
\BOOKMARK [2][-]{subsection.6.2.2}{IP Routing}{section.6.2}% 49
\BOOKMARK [2][-]{subsection.6.2.3}{ARP \205 Address Resolution Protocol}{section.6.2}% 50
\BOOKMARK [2][-]{subsection.6.2.4}{Understanding: Network Layer}{section.6.2}% 51
\BOOKMARK [1][-]{section.6.3}{Task - 3: Raw Sockets}{chapter.6}% 52
\BOOKMARK [1][-]{section.6.4}{Task - 4: Transport Layer}{chapter.6}% 53
\BOOKMARK [2][-]{subsection.6.4.1}{Transport Control Protocol - TCP}{section.6.4}% 54
\BOOKMARK [3][-]{subsubsection*.3}{Analogy}{subsection.6.4.1}% 55
\BOOKMARK [3][-]{subsubsection*.4}{Networking}{subsection.6.4.1}% 56
\BOOKMARK [2][-]{subsection.6.4.2}{User Datagram Protocol - UDP}{section.6.4}% 57
\BOOKMARK [3][-]{subsubsection*.5}{Analogy}{subsection.6.4.2}% 58
\BOOKMARK [3][-]{subsubsection*.6}{Networking}{subsection.6.4.2}% 59
\BOOKMARK [2][-]{subsection.6.4.3}{Understanding: Transport Layer}{section.6.4}% 60
\BOOKMARK [1][-]{section.6.5}{Task \205 5: Socket Programs \(TCP \205 UDP Clients and Servers\)}{chapter.6}% 61
\BOOKMARK [0][-]{chapter.7}{Week - 7 Linux IoT Training}{}% 62
\BOOKMARK [1][-]{section.7.1}{Task - 1: TCP Congestion Control}{chapter.7}% 63
\BOOKMARK [2][-]{subsection.7.1.1}{Compare different congestion control algorithms by developing a network}{section.7.1}% 64
\BOOKMARK [1][-]{section.7.2}{Task \205 2: Compare different congestion control algorithms by developing a network}{chapter.7}% 65
\BOOKMARK [1][-]{section.7.3}{Task \205 3: NETEM Driver \205 Network Emulation}{chapter.7}% 66
\BOOKMARK [2][-]{subsection.7.3.1}{Latency}{section.7.3}% 67
\BOOKMARK [2][-]{subsection.7.3.2}{Packet Loss}{section.7.3}% 68
\BOOKMARK [2][-]{subsection.7.3.3}{Packet Corruption \205 Noise}{section.7.3}% 69
\BOOKMARK [2][-]{subsection.7.3.4}{Create 300 MB Raw Data File}{section.7.3}% 70
\BOOKMARK [1][-]{section.7.4}{Task - 4: Make Your Own Web-Server}{chapter.7}% 71
\BOOKMARK [2][-]{subsection.7.4.1}{Steps}{section.7.4}% 72
\BOOKMARK [1][-]{section.7.5}{Task - 5: GNU-Plot}{chapter.7}% 73
\BOOKMARK [2][-]{subsection.7.5.1}{Settings}{section.7.5}% 74
\BOOKMARK [1][-]{section.7.6}{Task - 6: Git-Hub}{chapter.7}% 75
\BOOKMARK [1][-]{section.7.7}{Task - 7: Basic Interaction with Python}{chapter.7}% 76
\BOOKMARK [0][-]{chapter.8}{Week - 8 Linux IoT Training}{}% 77
\BOOKMARK [1][-]{section.8.1}{Task \205 1: Practice of writing code in Python}{chapter.8}% 78
\BOOKMARK [2][-]{subsection.8.1.1}{How to Proceed}{section.8.1}% 79
\BOOKMARK [1][-]{section.8.2}{Task \205 2: Object Oriented Programming in Python}{chapter.8}% 80
\BOOKMARK [2][-]{subsection.8.2.1}{How to Proceed}{section.8.2}% 81
\BOOKMARK [2][-]{subsection.8.2.2}{Code}{section.8.2}% 82
\BOOKMARK [1][-]{section.8.3}{Task \205 3: Importing a class in another File}{chapter.8}% 83
\BOOKMARK [2][-]{subsection.8.3.1}{Code}{section.8.3}% 84
\BOOKMARK [1][-]{section.8.4}{Task - 4: Reading Configuration Files \(name.conf\)}{chapter.8}% 85
\BOOKMARK [2][-]{subsection.8.4.1}{Code}{section.8.4}% 86
\BOOKMARK [2][-]{subsection.8.4.2}{INHERITANCE}{section.8.4}% 87
\BOOKMARK [3][-]{subsubsection*.7}{Super / Parent Class}{subsection.8.4.2}% 88
\BOOKMARK [3][-]{subsubsection*.8}{Sub / Child Class}{subsection.8.4.2}% 89
\BOOKMARK [1][-]{section.8.5}{Task \205 5: Multi-Processing}{chapter.8}% 90
\BOOKMARK [1][-]{section.8.6}{Task - 6: Queues}{chapter.8}% 91
\BOOKMARK [2][-]{subsection.8.6.1}{Code}{section.8.6}% 92
\BOOKMARK [1][-]{section.8.7}{Task - 7: Setup QEMU for ARM Cortex M4 32bit CPU}{chapter.8}% 93
\BOOKMARK [2][-]{subsection.8.7.1}{What is QEMU?}{section.8.7}% 94
\BOOKMARK [1][-]{section.8.8}{Useful Information}{chapter.8}% 95
\BOOKMARK [0][-]{chapter.9}{Week - 9 Linux IoT Project}{}% 96
\BOOKMARK [1][-]{section.9.1}{Project Kickstart}{chapter.9}% 97
\BOOKMARK [0][-]{chapter.10}{Week - 10 IoT Protocols: RESTful APIs and COAP}{}% 98
\BOOKMARK [1][-]{section.10.1}{REST: Representational State Transfer}{chapter.10}% 99
\BOOKMARK [2][-]{subsection.10.1.1}{REST as Light Weight Web-Service}{section.10.1}% 100
\BOOKMARK [1][-]{section.10.2}{Web-Service}{chapter.10}% 101
\BOOKMARK [1][-]{section.10.3}{Hypertext Transfer Protocol \(HTTP\)}{chapter.10}% 102
\BOOKMARK [2][-]{subsection.10.3.1}{Request Message}{section.10.3}% 103
\BOOKMARK [3][-]{subsubsection*.9}{The POST method}{subsection.10.3.1}% 104
\BOOKMARK [3][-]{subsubsection*.10}{The URL method}{subsection.10.3.1}% 105
\BOOKMARK [2][-]{subsection.10.3.2}{Response Message}{section.10.3}% 106
\BOOKMARK [1][-]{section.10.4}{Proxy Server}{chapter.10}% 107
\BOOKMARK [2][-]{subsection.10.4.1}{Web Proxies}{section.10.4}% 108
\BOOKMARK [1][-]{section.10.5}{COAP \205 Constrained Application Protocol}{chapter.10}% 109
\BOOKMARK [2][-]{subsection.10.5.1}{COAP Header Format}{section.10.5}% 110
\BOOKMARK [2][-]{subsection.10.5.2}{Logging in Python}{section.10.5}% 111
\BOOKMARK [2][-]{subsection.10.5.3}{Coap Implementation in Python \205 aiocoap}{section.10.5}% 112
\BOOKMARK [2][-]{subsection.10.5.4}{COAP Communication in C}{section.10.5}% 113
\BOOKMARK [0][-]{chapter.11}{Settings GNU-Plot}{}% 114
\BOOKMARK [1][-]{section.11.1}{Customization}{chapter.11}% 115
\BOOKMARK [1][-]{section.11.2}{MULTI-PLOT}{chapter.11}% 116
\BOOKMARK [1][-]{section.11.3}{Plotting Data}{chapter.11}% 117
